  [1m[35m (42.4ms)[0m  [1m[35mDROP DATABASE IF EXISTS "happy_development"[0m
  ↳ bin/rails:4
  [1m[35m (45.4ms)[0m  [1m[35mDROP DATABASE IF EXISTS "happy_test"[0m
  ↳ bin/rails:4
  [1m[35m (57.7ms)[0m  [1m[35mCREATE DATABASE "happy_development" ENCODING = 'unicode'[0m
  ↳ bin/rails:4
  [1m[35m (56.5ms)[0m  [1m[35mCREATE DATABASE "happy_test" ENCODING = 'unicode'[0m
  ↳ bin/rails:4
Started GET "/" for ::1 at 2021-02-12 19:41:45 +0900
Processing by Rails::WelcomeController#index as HTML
  Rendering vendor/bundle/ruby/2.6.0/gems/railties-5.2.4.5/lib/rails/templates/rails/welcome/index.html.erb
  Rendered vendor/bundle/ruby/2.6.0/gems/railties-5.2.4.5/lib/rails/templates/rails/welcome/index.html.erb (2.1ms)
Completed 200 OK in 10ms (Views: 6.4ms | ActiveRecord: 0.0ms)


Started GET "/" for ::1 at 2021-02-12 19:42:20 +0900
  
ActiveRecord::PendingMigrationError (

Migrations are pending. To resolve this issue, run:

        bin/rails db:migrate RAILS_ENV=development

):
  
vendor/bundle/ruby/2.6.0/gems/activerecord-5.2.4.5/lib/active_record/migration.rb:579:in `check_pending!'
vendor/bundle/ruby/2.6.0/gems/activerecord-5.2.4.5/lib/active_record/migration.rb:556:in `call'
vendor/bundle/ruby/2.6.0/gems/actionpack-5.2.4.5/lib/action_dispatch/middleware/callbacks.rb:28:in `block in call'
vendor/bundle/ruby/2.6.0/gems/activesupport-5.2.4.5/lib/active_support/callbacks.rb:98:in `run_callbacks'
vendor/bundle/ruby/2.6.0/gems/actionpack-5.2.4.5/lib/action_dispatch/middleware/callbacks.rb:26:in `call'
vendor/bundle/ruby/2.6.0/gems/actionpack-5.2.4.5/lib/action_dispatch/middleware/executor.rb:14:in `call'
vendor/bundle/ruby/2.6.0/gems/actionpack-5.2.4.5/lib/action_dispatch/middleware/debug_exceptions.rb:61:in `call'
vendor/bundle/ruby/2.6.0/gems/web-console-3.7.0/lib/web_console/middleware.rb:135:in `call_app'
vendor/bundle/ruby/2.6.0/gems/web-console-3.7.0/lib/web_console/middleware.rb:30:in `block in call'
vendor/bundle/ruby/2.6.0/gems/web-console-3.7.0/lib/web_console/middleware.rb:20:in `catch'
vendor/bundle/ruby/2.6.0/gems/web-console-3.7.0/lib/web_console/middleware.rb:20:in `call'
vendor/bundle/ruby/2.6.0/gems/actionpack-5.2.4.5/lib/action_dispatch/middleware/show_exceptions.rb:33:in `call'
vendor/bundle/ruby/2.6.0/gems/railties-5.2.4.5/lib/rails/rack/logger.rb:38:in `call_app'
vendor/bundle/ruby/2.6.0/gems/railties-5.2.4.5/lib/rails/rack/logger.rb:26:in `block in call'
vendor/bundle/ruby/2.6.0/gems/activesupport-5.2.4.5/lib/active_support/tagged_logging.rb:71:in `block in tagged'
vendor/bundle/ruby/2.6.0/gems/activesupport-5.2.4.5/lib/active_support/tagged_logging.rb:28:in `tagged'
vendor/bundle/ruby/2.6.0/gems/activesupport-5.2.4.5/lib/active_support/tagged_logging.rb:71:in `tagged'
vendor/bundle/ruby/2.6.0/gems/railties-5.2.4.5/lib/rails/rack/logger.rb:26:in `call'
vendor/bundle/ruby/2.6.0/gems/sprockets-rails-3.2.2/lib/sprockets/rails/quiet_assets.rb:13:in `call'
vendor/bundle/ruby/2.6.0/gems/actionpack-5.2.4.5/lib/action_dispatch/middleware/remote_ip.rb:81:in `call'
vendor/bundle/ruby/2.6.0/gems/actionpack-5.2.4.5/lib/action_dispatch/middleware/request_id.rb:27:in `call'
vendor/bundle/ruby/2.6.0/gems/rack-2.2.3/lib/rack/method_override.rb:24:in `call'
vendor/bundle/ruby/2.6.0/gems/rack-2.2.3/lib/rack/runtime.rb:22:in `call'
vendor/bundle/ruby/2.6.0/gems/activesupport-5.2.4.5/lib/active_support/cache/strategy/local_cache_middleware.rb:29:in `call'
vendor/bundle/ruby/2.6.0/gems/actionpack-5.2.4.5/lib/action_dispatch/middleware/executor.rb:14:in `call'
vendor/bundle/ruby/2.6.0/gems/actionpack-5.2.4.5/lib/action_dispatch/middleware/static.rb:127:in `call'
vendor/bundle/ruby/2.6.0/gems/rack-2.2.3/lib/rack/sendfile.rb:110:in `call'
vendor/bundle/ruby/2.6.0/gems/railties-5.2.4.5/lib/rails/engine.rb:524:in `call'
vendor/bundle/ruby/2.6.0/gems/puma-3.12.6/lib/puma/configuration.rb:227:in `call'
vendor/bundle/ruby/2.6.0/gems/puma-3.12.6/lib/puma/server.rb:706:in `handle_request'
vendor/bundle/ruby/2.6.0/gems/puma-3.12.6/lib/puma/server.rb:476:in `process_client'
vendor/bundle/ruby/2.6.0/gems/puma-3.12.6/lib/puma/server.rb:334:in `block in run'
vendor/bundle/ruby/2.6.0/gems/puma-3.12.6/lib/puma/thread_pool.rb:135:in `block in spawn_thread'
  [1m[35m (23.8ms)[0m  [1m[35mDROP DATABASE IF EXISTS "happy_development"[0m
  ↳ bin/rails:4
  [1m[35m (23.8ms)[0m  [1m[35mDROP DATABASE IF EXISTS "happy_test"[0m
  ↳ bin/rails:4
  [1m[35m (49.4ms)[0m  [1m[35mCREATE DATABASE "happy_development" ENCODING = 'unicode'[0m
  ↳ bin/rails:4
  [1m[35m (273.5ms)[0m  [1m[35mCREATE DATABASE "happy_test" ENCODING = 'unicode'[0m
  ↳ bin/rails:4
  [1m[35m (3.8ms)[0m  [1m[35mCREATE TABLE "schema_migrations" ("version" character varying NOT NULL PRIMARY KEY)[0m
  ↳ bin/rails:4
  [1m[35m (19.2ms)[0m  [1m[35mCREATE TABLE "ar_internal_metadata" ("key" character varying NOT NULL PRIMARY KEY, "value" character varying, "created_at" timestamp NOT NULL, "updated_at" timestamp NOT NULL)[0m
  ↳ bin/rails:4
  [1m[35m (0.2ms)[0m  [1m[34mSELECT pg_try_advisory_lock(8815215179759373105)[0m
  ↳ bin/rails:4
  [1m[35m (0.3ms)[0m  [1m[34mSELECT "schema_migrations"."version" FROM "schema_migrations" ORDER BY "schema_migrations"."version" ASC[0m
  ↳ bin/rails:4
Migrating to CreateUsers (20210212104211)
  [1m[35m (0.1ms)[0m  [1m[35mBEGIN[0m
  ↳ bin/rails:4
  [1m[35m (14.5ms)[0m  [1m[35mCREATE TABLE "users" ("id" bigserial primary key, "name" character varying, "created_at" timestamp NOT NULL, "updated_at" timestamp NOT NULL)[0m
  ↳ db/migrate/20210212104211_create_users.rb:3
  [1m[36mActiveRecord::SchemaMigration Create (1.3ms)[0m  [1m[32mINSERT INTO "schema_migrations" ("version") VALUES ($1) RETURNING "version"[0m  [["version", "20210212104211"]]
  ↳ bin/rails:4
  [1m[35m (5.1ms)[0m  [1m[35mCOMMIT[0m
  ↳ bin/rails:4
  [1m[36mActiveRecord::InternalMetadata Load (1.0ms)[0m  [1m[34mSELECT  "ar_internal_metadata".* FROM "ar_internal_metadata" WHERE "ar_internal_metadata"."key" = $1 LIMIT $2[0m  [["key", "environment"], ["LIMIT", 1]]
  ↳ bin/rails:4
  [1m[35m (0.2ms)[0m  [1m[35mBEGIN[0m
  ↳ bin/rails:4
  [1m[36mActiveRecord::InternalMetadata Create (1.2ms)[0m  [1m[32mINSERT INTO "ar_internal_metadata" ("key", "value", "created_at", "updated_at") VALUES ($1, $2, $3, $4) RETURNING "key"[0m  [["key", "environment"], ["value", "development"], ["created_at", "2021-02-12 10:42:34.525570"], ["updated_at", "2021-02-12 10:42:34.525570"]]
  ↳ bin/rails:4
  [1m[35m (6.1ms)[0m  [1m[35mCOMMIT[0m
  ↳ bin/rails:4
  [1m[35m (1.2ms)[0m  [1m[34mSELECT pg_advisory_unlock(8815215179759373105)[0m
  ↳ bin/rails:4
  [1m[35m (0.2ms)[0m  [1m[34mSELECT "schema_migrations"."version" FROM "schema_migrations" ORDER BY "schema_migrations"."version" ASC[0m
  ↳ bin/rails:4
Started GET "/" for ::1 at 2021-02-12 19:42:41 +0900
  [1m[35m (0.6ms)[0m  [1m[34mSELECT "schema_migrations"."version" FROM "schema_migrations" ORDER BY "schema_migrations"."version" ASC[0m
  ↳ vendor/bundle/ruby/2.6.0/gems/activerecord-5.2.4.5/lib/active_record/log_subscriber.rb:98
Processing by Rails::WelcomeController#index as HTML
  Rendering vendor/bundle/ruby/2.6.0/gems/railties-5.2.4.5/lib/rails/templates/rails/welcome/index.html.erb
  Rendered vendor/bundle/ruby/2.6.0/gems/railties-5.2.4.5/lib/rails/templates/rails/welcome/index.html.erb (1.7ms)
Completed 200 OK in 8ms (Views: 3.7ms | ActiveRecord: 0.0ms)


Started GET "/users/new" for ::1 at 2021-02-12 19:42:49 +0900
Processing by UsersController#new as HTML
  Rendering users/new.html.erb within layouts/application
  Rendered users/_form.html.erb (14.2ms)
  Rendered users/new.html.erb within layouts/application (15.3ms)
Completed 200 OK in 423ms (Views: 411.9ms | ActiveRecord: 3.3ms)


Started POST "/users" for ::1 at 2021-02-12 19:43:12 +0900
Processing by UsersController#create as HTML
  Parameters: {"utf8"=>"✓", "authenticity_token"=>"T7AtgTxCZRLwKpCgiXnHkCOwY+c/LPBn9WoF0i96A9YrNPLEMZRqJrNgI5TRhxQM7W2pRMTmQxhjj57kT6XD7Q==", "user"=>{"name"=>"aaaa"}, "commit"=>"Create User"}
  [1m[35m (0.1ms)[0m  [1m[35mBEGIN[0m
  ↳ app/controllers/users_controller.rb:28
  [1m[36mUser Create (0.6ms)[0m  [1m[32mINSERT INTO "users" ("name", "created_at", "updated_at") VALUES ($1, $2, $3) RETURNING "id"[0m  [["name", "aaaa"], ["created_at", "2021-02-12 10:43:12.258768"], ["updated_at", "2021-02-12 10:43:12.258768"]]
  ↳ app/controllers/users_controller.rb:28
  [1m[35m (11.0ms)[0m  [1m[35mCOMMIT[0m
  ↳ app/controllers/users_controller.rb:28
Redirected to http://localhost:3000/users/1
Completed 302 Found in 22ms (ActiveRecord: 14.1ms)


Started GET "/users/1" for ::1 at 2021-02-12 19:43:12 +0900
Processing by UsersController#show as HTML
  Parameters: {"id"=>"1"}
  [1m[36mUser Load (0.2ms)[0m  [1m[34mSELECT  "users".* FROM "users" WHERE "users"."id" = $1 LIMIT $2[0m  [["id", 1], ["LIMIT", 1]]
  ↳ app/controllers/users_controller.rb:63
  Rendering users/show.html.erb within layouts/application
  Rendered users/show.html.erb within layouts/application (0.6ms)
Completed 200 OK in 15ms (Views: 11.7ms | ActiveRecord: 0.4ms)


Started GET "/users" for ::1 at 2021-02-12 19:43:15 +0900
Processing by UsersController#index as HTML
  Rendering users/index.html.erb within layouts/application
  [1m[36mUser Load (0.3ms)[0m  [1m[34mSELECT "users".* FROM "users"[0m
  ↳ app/views/users/index.html.erb:14
  Rendered users/index.html.erb within layouts/application (1.7ms)
Completed 200 OK in 13ms (Views: 11.5ms | ActiveRecord: 0.3ms)


Started GET "/users" for ::1 at 2021-02-12 19:43:24 +0900
Processing by UsersController#index as HTML
  Rendering users/index.html.erb within layouts/application
  [1m[36mUser Load (0.2ms)[0m  [1m[34mSELECT "users".* FROM "users"[0m
  ↳ app/views/users/index.html.erb:14
  Rendered users/index.html.erb within layouts/application (6.4ms)
Completed 200 OK in 20ms (Views: 14.4ms | ActiveRecord: 2.4ms)


Started GET "/users/new" for ::1 at 2021-02-12 19:43:25 +0900
Processing by UsersController#new as HTML
  Rendering users/new.html.erb within layouts/application
  Rendered users/_form.html.erb (1.3ms)
  Rendered users/new.html.erb within layouts/application (2.2ms)
Completed 200 OK in 14ms (Views: 12.2ms | ActiveRecord: 0.0ms)


Started POST "/users" for ::1 at 2021-02-12 19:43:28 +0900
Processing by UsersController#create as HTML
  Parameters: {"utf8"=>"✓", "authenticity_token"=>"9VB0/JQoJtZk4PpPovrEg8v6rqXLsPsIzu/LugjhM+4QUbo9SOnoMZrXpvpanGzM1j4uRb4OX233el0c7W26Vw==", "user"=>{"name"=>"aaasddd"}, "commit"=>"Create User"}
  [1m[35m (0.1ms)[0m  [1m[35mBEGIN[0m
  ↳ app/controllers/users_controller.rb:27
  [1m[36mUser Create (0.2ms)[0m  [1m[32mINSERT INTO "users" ("name", "created_at", "updated_at") VALUES ($1, $2, $3) RETURNING "id"[0m  [["name", "aaasddd"], ["created_at", "2021-02-12 10:43:28.441213"], ["updated_at", "2021-02-12 10:43:28.441213"]]
  ↳ app/controllers/users_controller.rb:27
  [1m[35m (0.3ms)[0m  [1m[35mCOMMIT[0m
  ↳ app/controllers/users_controller.rb:27
Redirected to http://localhost:3000/users/2
Completed 500 Internal Server Error in 3ms (ActiveRecord: 0.6ms)


  
NameError (uninitialized constant UsersController::ActiveRcord):
  
app/controllers/users_controller.rb:36:in `create'
Started GET "/" for ::1 at 2021-02-12 19:46:30 +0900
Processing by Rails::WelcomeController#index as HTML
  Rendering vendor/bundle/ruby/2.6.0/gems/railties-5.2.4.5/lib/rails/templates/rails/welcome/index.html.erb
  Rendered vendor/bundle/ruby/2.6.0/gems/railties-5.2.4.5/lib/rails/templates/rails/welcome/index.html.erb (1.8ms)
Completed 200 OK in 4ms (Views: 2.8ms | ActiveRecord: 0.0ms)


Started GET "/users" for ::1 at 2021-02-12 19:46:33 +0900
Processing by UsersController#index as HTML
  Rendering users/index.html.erb within layouts/application
  [1m[36mUser Load (0.2ms)[0m  [1m[34mSELECT "users".* FROM "users"[0m
  ↳ app/views/users/index.html.erb:14
  Rendered users/index.html.erb within layouts/application (7.9ms)
Completed 200 OK in 20ms (Views: 14.8ms | ActiveRecord: 2.8ms)


Started GET "/users/new" for ::1 at 2021-02-12 19:46:34 +0900
Processing by UsersController#new as HTML
  Rendering users/new.html.erb within layouts/application
  Rendered users/_form.html.erb (1.4ms)
  Rendered users/new.html.erb within layouts/application (2.4ms)
Completed 200 OK in 15ms (Views: 14.1ms | ActiveRecord: 0.0ms)


Started POST "/users" for ::1 at 2021-02-12 19:46:37 +0900
Processing by UsersController#create as HTML
  Parameters: {"utf8"=>"✓", "authenticity_token"=>"iLHy43BvPhxtesZkPWgw4xChMrZ8UlqIponirIYnDyRtsDwirK7w+5NNmtHFDpisDWWyVgns/u2fHHQKY6uGnQ==", "user"=>{"name"=>"bbbb"}, "commit"=>"Create User"}
  [1m[35m (0.1ms)[0m  [1m[35mBEGIN[0m
  ↳ app/controllers/users_controller.rb:28
  [1m[36mUser Create (0.2ms)[0m  [1m[32mINSERT INTO "users" ("name", "created_at", "updated_at") VALUES ($1, $2, $3) RETURNING "id"[0m  [["name", "bbbb"], ["created_at", "2021-02-12 10:46:37.015241"], ["updated_at", "2021-02-12 10:46:37.015241"]]
  ↳ app/controllers/users_controller.rb:28
  [1m[35m (0.7ms)[0m  [1m[35mCOMMIT[0m
  ↳ app/controllers/users_controller.rb:28
Redirected to http://localhost:3000/users/3
Completed 302 Found in 3ms (ActiveRecord: 1.0ms)


Started GET "/users/3" for ::1 at 2021-02-12 19:46:37 +0900
Processing by UsersController#show as HTML
  Parameters: {"id"=>"3"}
  [1m[36mUser Load (0.2ms)[0m  [1m[34mSELECT  "users".* FROM "users" WHERE "users"."id" = $1 LIMIT $2[0m  [["id", 3], ["LIMIT", 1]]
  ↳ app/controllers/users_controller.rb:64
  Rendering users/show.html.erb within layouts/application
  Rendered users/show.html.erb within layouts/application (0.5ms)
Completed 200 OK in 13ms (Views: 11.1ms | ActiveRecord: 0.2ms)


Started GET "/users" for ::1 at 2021-02-12 19:46:38 +0900
Processing by UsersController#index as HTML
  Rendering users/index.html.erb within layouts/application
  [1m[36mUser Load (0.3ms)[0m  [1m[34mSELECT "users".* FROM "users"[0m
  ↳ app/views/users/index.html.erb:14
  Rendered users/index.html.erb within layouts/application (1.7ms)
Completed 200 OK in 13ms (Views: 12.0ms | ActiveRecord: 0.3ms)


Started GET "/users/new" for ::1 at 2021-02-12 19:46:39 +0900
Processing by UsersController#new as HTML
  Rendering users/new.html.erb within layouts/application
  Rendered users/_form.html.erb (1.5ms)
  Rendered users/new.html.erb within layouts/application (2.8ms)
Completed 200 OK in 15ms (Views: 13.8ms | ActiveRecord: 0.0ms)


Started POST "/users" for ::1 at 2021-02-12 19:46:45 +0900
Processing by UsersController#create as HTML
  Parameters: {"utf8"=>"✓", "authenticity_token"=>"h93ZMsV6+MkGiErWiDAFBy890/kYbJFb9FHLhyfOSs9i3BfzGbs2Lvi/FmNwVq1IMvlTGW3SNT7NxF0hwkLDdg==", "user"=>{"name"=>"マサル"}, "commit"=>"Create User"}
  [1m[35m (0.1ms)[0m  [1m[35mBEGIN[0m
  ↳ app/controllers/users_controller.rb:28
  [1m[36mUser Create (0.4ms)[0m  [1m[32mINSERT INTO "users" ("name", "created_at", "updated_at") VALUES ($1, $2, $3) RETURNING "id"[0m  [["name", "マサル"], ["created_at", "2021-02-12 10:46:45.445635"], ["updated_at", "2021-02-12 10:46:45.445635"]]
  ↳ app/controllers/users_controller.rb:28
  [1m[35m (5.5ms)[0m  [1m[35mCOMMIT[0m
  ↳ app/controllers/users_controller.rb:28
Redirected to http://localhost:3000/users/4
Completed 500 Internal Server Error in 8ms (ActiveRecord: 6.0ms)


  
ActiveRecord::Rollback (ActiveRecord::Rollback):
  
app/controllers/users_controller.rb:74:in `hoge'
Started GET "/users/new" for ::1 at 2021-02-12 19:48:02 +0900
Processing by UsersController#new as HTML
  Rendering users/new.html.erb within layouts/application
  Rendered users/_form.html.erb (1.5ms)
  Rendered users/new.html.erb within layouts/application (2.3ms)
Completed 200 OK in 20ms (Views: 12.1ms | ActiveRecord: 2.6ms)


Started GET "/users" for ::1 at 2021-02-12 19:48:03 +0900
Processing by UsersController#index as HTML
  Rendering users/index.html.erb within layouts/application
  [1m[36mUser Load (0.3ms)[0m  [1m[34mSELECT "users".* FROM "users"[0m
  ↳ app/views/users/index.html.erb:14
  Rendered users/index.html.erb within layouts/application (1.8ms)
Completed 200 OK in 13ms (Views: 11.9ms | ActiveRecord: 0.3ms)


Started DELETE "/users/3" for ::1 at 2021-02-12 19:48:06 +0900
Processing by UsersController#destroy as HTML
  Parameters: {"authenticity_token"=>"PydycOMlyn9/fYMt0bHuPTuAN1gV1VqOKn+y/lUnhJ5bo6017vPFSzw3MBmJTz2h9V39++4f6fG8minINfhEpQ==", "id"=>"3"}
  [1m[36mUser Load (0.3ms)[0m  [1m[34mSELECT  "users".* FROM "users" WHERE "users"."id" = $1 LIMIT $2[0m  [["id", 3], ["LIMIT", 1]]
  ↳ app/controllers/users_controller.rb:64
  [1m[35m (0.1ms)[0m  [1m[35mBEGIN[0m
  ↳ app/controllers/users_controller.rb:54
  [1m[36mUser Destroy (0.2ms)[0m  [1m[31mDELETE FROM "users" WHERE "users"."id" = $1[0m  [["id", 3]]
  ↳ app/controllers/users_controller.rb:54
  [1m[35m (0.8ms)[0m  [1m[35mCOMMIT[0m
  ↳ app/controllers/users_controller.rb:54
Redirected to http://localhost:3000/users
Completed 302 Found in 4ms (ActiveRecord: 1.3ms)


Started GET "/users" for ::1 at 2021-02-12 19:48:06 +0900
Processing by UsersController#index as HTML
  Rendering users/index.html.erb within layouts/application
  [1m[36mUser Load (0.2ms)[0m  [1m[34mSELECT "users".* FROM "users"[0m
  ↳ app/views/users/index.html.erb:14
  Rendered users/index.html.erb within layouts/application (1.5ms)
Completed 200 OK in 32ms (Views: 31.3ms | ActiveRecord: 0.2ms)


Started DELETE "/users/4" for ::1 at 2021-02-12 19:48:08 +0900
Processing by UsersController#destroy as HTML
  Parameters: {"authenticity_token"=>"YvgHYaQlPEoGAfp0FJdeCvV7YwgTkB3zN5N9nxtbeG8GfNgkqfMzfkVLSUBMaY2WO6apq+haroyhduape4S4VA==", "id"=>"4"}
  [1m[36mUser Load (0.2ms)[0m  [1m[34mSELECT  "users".* FROM "users" WHERE "users"."id" = $1 LIMIT $2[0m  [["id", 4], ["LIMIT", 1]]
  ↳ app/controllers/users_controller.rb:64
  [1m[35m (0.1ms)[0m  [1m[35mBEGIN[0m
  ↳ app/controllers/users_controller.rb:54
  [1m[36mUser Destroy (0.2ms)[0m  [1m[31mDELETE FROM "users" WHERE "users"."id" = $1[0m  [["id", 4]]
  ↳ app/controllers/users_controller.rb:54
  [1m[35m (0.7ms)[0m  [1m[35mCOMMIT[0m
  ↳ app/controllers/users_controller.rb:54
Redirected to http://localhost:3000/users
Completed 500 Internal Server Error in 3ms (ActiveRecord: 1.1ms)


  
ActiveRecord::Rollback (ActiveRecord::Rollback):
  
app/controllers/users_controller.rb:74:in `hoge'
Started GET "/users" for ::1 at 2021-02-12 19:48:36 +0900
Processing by UsersController#index as HTML
  Rendering users/index.html.erb within layouts/application
  [1m[36mUser Load (0.3ms)[0m  [1m[34mSELECT "users".* FROM "users"[0m
  ↳ app/views/users/index.html.erb:14
  Rendered users/index.html.erb within layouts/application (1.7ms)
Completed 200 OK in 16ms (Views: 14.4ms | ActiveRecord: 0.3ms)


Started GET "/users/new" for ::1 at 2021-02-12 19:48:37 +0900
Processing by UsersController#new as HTML
  Rendering users/new.html.erb within layouts/application
  Rendered users/_form.html.erb (1.3ms)
  Rendered users/new.html.erb within layouts/application (2.1ms)
Completed 200 OK in 13ms (Views: 11.7ms | ActiveRecord: 0.0ms)


Started POST "/users" for ::1 at 2021-02-12 19:48:42 +0900
Processing by UsersController#create as HTML
  Parameters: {"utf8"=>"✓", "authenticity_token"=>"1kNxfhwPb9ud0iavNj4UKuU58vglS2TBkTtbmnTyEQozQr+/wM6hPGPlehrOWLxl+P1yGFD1wKSors08kX6Ysw==", "user"=>{"name"=>"マサル"}, "commit"=>"Create User"}
  [1m[35m (0.1ms)[0m  [1m[35mBEGIN[0m
  ↳ app/controllers/users_controller.rb:28
  [1m[36mUser Create (0.3ms)[0m  [1m[32mINSERT INTO "users" ("name", "created_at", "updated_at") VALUES ($1, $2, $3) RETURNING "id"[0m  [["name", "マサル"], ["created_at", "2021-02-12 10:48:42.319272"], ["updated_at", "2021-02-12 10:48:42.319272"]]
  ↳ app/controllers/users_controller.rb:28
  [1m[35m (0.7ms)[0m  [1m[35mCOMMIT[0m
  ↳ app/controllers/users_controller.rb:28
Redirected to http://localhost:3000/users/5
Completed 302 Found in 3ms (ActiveRecord: 1.1ms)


Started GET "/users/5" for ::1 at 2021-02-12 19:48:42 +0900
Processing by UsersController#show as HTML
  Parameters: {"id"=>"5"}
  [1m[36mUser Load (0.4ms)[0m  [1m[34mSELECT  "users".* FROM "users" WHERE "users"."id" = $1 LIMIT $2[0m  [["id", 5], ["LIMIT", 1]]
  ↳ app/controllers/users_controller.rb:64
  Rendering users/show.html.erb within layouts/application
  Rendered users/show.html.erb within layouts/application (0.4ms)
Completed 200 OK in 11ms (Views: 9.1ms | ActiveRecord: 0.4ms)


Started GET "/users" for ::1 at 2021-02-12 19:48:43 +0900
Processing by UsersController#index as HTML
  Rendering users/index.html.erb within layouts/application
  [1m[36mUser Load (0.3ms)[0m  [1m[34mSELECT "users".* FROM "users"[0m
  ↳ app/views/users/index.html.erb:14
  Rendered users/index.html.erb within layouts/application (1.5ms)
Completed 200 OK in 12ms (Views: 10.6ms | ActiveRecord: 0.3ms)


Started GET "/users" for ::1 at 2021-02-12 19:50:36 +0900
  
SyntaxError (/Users/ys/work/happy/app/controllers/users_controller.rb:79: syntax error, unexpected end-of-input, expecting end):
  
app/controllers/users_controller.rb:79: syntax error, unexpected end-of-input, expecting end
Started GET "/users" for ::1 at 2021-02-12 19:51:22 +0900
Processing by UsersController#index as HTML
  Rendering users/index.html.erb within layouts/application
  [1m[36mUser Load (0.2ms)[0m  [1m[34mSELECT "users".* FROM "users"[0m
  ↳ app/views/users/index.html.erb:14
  Rendered users/index.html.erb within layouts/application (6.4ms)
Completed 200 OK in 19ms (Views: 15.3ms | ActiveRecord: 2.1ms)


Started DELETE "/users/2" for ::1 at 2021-02-12 19:51:27 +0900
Processing by UsersController#destroy as HTML
  Parameters: {"authenticity_token"=>"jX5wup7h9W8AWGpnxFb/5VNTmm/HP39tsDmro7qj9Mrp+q//kzf6W0MS2VOcqCx5nY5QzDz1zBIm3DCV2nw08Q==", "id"=>"2"}
  [1m[36mUser Load (0.2ms)[0m  [1m[34mSELECT  "users".* FROM "users" WHERE "users"."id" = $1 LIMIT $2[0m  [["id", 2], ["LIMIT", 1]]
  ↳ app/controllers/users_controller.rb:64
  [1m[35m (0.1ms)[0m  [1m[35mBEGIN[0m
  ↳ app/controllers/users_controller.rb:54
  [1m[36mUser Destroy (0.1ms)[0m  [1m[31mDELETE FROM "users" WHERE "users"."id" = $1[0m  [["id", 2]]
  ↳ app/controllers/users_controller.rb:54
  [1m[35m (0.7ms)[0m  [1m[35mCOMMIT[0m
  ↳ app/controllers/users_controller.rb:54
Redirected to http://localhost:3000/users
Completed 302 Found in 3ms (ActiveRecord: 1.1ms)


Started GET "/users" for ::1 at 2021-02-12 19:51:27 +0900
Processing by UsersController#index as HTML
  Rendering users/index.html.erb within layouts/application
  [1m[36mUser Load (0.3ms)[0m  [1m[34mSELECT "users".* FROM "users"[0m
  ↳ app/views/users/index.html.erb:14
  Rendered users/index.html.erb within layouts/application (2.0ms)
Completed 200 OK in 12ms (Views: 11.1ms | ActiveRecord: 0.3ms)


Started DELETE "/users/5" for ::1 at 2021-02-12 19:51:29 +0900
Processing by UsersController#destroy as HTML
  Parameters: {"authenticity_token"=>"vpadl/KXBMmHuDE48XkDyhz08PI01kjdV7S4ApJQMvzaEkLS/0EL/cTyggyph9BW0ik6Uc8c+6LBUSM08o/yxw==", "id"=>"5"}
  [1m[36mUser Load (0.2ms)[0m  [1m[34mSELECT  "users".* FROM "users" WHERE "users"."id" = $1 LIMIT $2[0m  [["id", 5], ["LIMIT", 1]]
  ↳ app/controllers/users_controller.rb:64
Completed 500 Internal Server Error in 1ms (ActiveRecord: 0.2ms)


  
ActiveRecord::Rollback (ActiveRecord::Rollback):
  
app/controllers/users_controller.rb:76:in `hoge'
app/controllers/users_controller.rb:54:in `destroy'
Started GET "/users" for ::1 at 2021-02-12 19:55:14 +0900
  
ActionController::RoutingError (undefined method `after_destroy' for UsersController:Class):
  
app/controllers/users_controller.rb:3:in `<class:UsersController>'
app/controllers/users_controller.rb:1:in `<main>'
Started GET "/users" for ::1 at 2021-02-12 19:56:00 +0900
Processing by UsersController#index as HTML
  Rendering users/index.html.erb within layouts/application
  [1m[36mUser Load (0.2ms)[0m  [1m[34mSELECT "users".* FROM "users"[0m
  ↳ app/views/users/index.html.erb:14
  Rendered users/index.html.erb within layouts/application (6.9ms)
Completed 200 OK in 21ms (Views: 15.3ms | ActiveRecord: 2.6ms)


Started DELETE "/users/1" for ::1 at 2021-02-12 19:56:03 +0900
Processing by UsersController#destroy as HTML
  Parameters: {"authenticity_token"=>"darCFegQiY+yu3T0j08l7Dz4Y7z5zidRSOTaiDvy8ksRLh1Q5caGu/Hxx8DXsfZw8iWpHwIElC7eAUG+Wy0ycA==", "id"=>"1"}
  [1m[36mUser Load (0.1ms)[0m  [1m[34mSELECT  "users".* FROM "users" WHERE "users"."id" = $1 LIMIT $2[0m  [["id", 1], ["LIMIT", 1]]
  ↳ app/controllers/users_controller.rb:63
Completed 500 Internal Server Error in 62ms (ActiveRecord: 0.1ms)


  
NameError (undefined local variable or method `hoge' for #<UsersController:0x00007fd296d150e0>):
  
app/controllers/users_controller.rb:53:in `destroy'
Started DELETE "/users/1" for ::1 at 2021-02-12 19:56:54 +0900
Processing by UsersController#destroy as HTML
  Parameters: {"authenticity_token"=>"darCFegQiY+yu3T0j08l7Dz4Y7z5zidRSOTaiDvy8ksRLh1Q5caGu/Hxx8DXsfZw8iWpHwIElC7eAUG+Wy0ycA==", "id"=>"1"}
  [1m[36mUser Load (0.1ms)[0m  [1m[34mSELECT  "users".* FROM "users" WHERE "users"."id" = $1 LIMIT $2[0m  [["id", 1], ["LIMIT", 1]]
  ↳ app/controllers/users_controller.rb:63
Completed 500 Internal Server Error in 70ms (ActiveRecord: 2.0ms)


  
NameError (undefined local variable or method `hoge' for #<UsersController:0x00007fd30762e7d8>):
  
app/controllers/users_controller.rb:53:in `destroy'
Started GET "/users" for ::1 at 2021-02-12 19:58:05 +0900
Processing by UsersController#index as HTML
  Rendering users/index.html.erb within layouts/application
  [1m[36mUser Load (0.3ms)[0m  [1m[34mSELECT "users".* FROM "users"[0m
  ↳ app/views/users/index.html.erb:14
  Rendered users/index.html.erb within layouts/application (7.0ms)
Completed 200 OK in 21ms (Views: 15.3ms | ActiveRecord: 2.6ms)


Started DELETE "/users/1" for ::1 at 2021-02-12 19:58:07 +0900
Processing by UsersController#destroy as HTML
  Parameters: {"authenticity_token"=>"4MEyGRA/6/Yy33aekVrmnrSkpGfDTSj4hnCc0pVqkamERe1cHenkwnGVxarJpDUCenluxDiHm4cQlQfk9bVRkg==", "id"=>"1"}
  [1m[36mUser Load (0.2ms)[0m  [1m[34mSELECT  "users".* FROM "users" WHERE "users"."id" = $1 LIMIT $2[0m  [["id", 1], ["LIMIT", 1]]
  ↳ app/controllers/users_controller.rb:63
Completed 500 Internal Server Error in 43ms (ActiveRecord: 0.2ms)


  
NameError (undefined local variable or method `hoge' for #<UsersController:0x00007fd29781c060>):
  
app/controllers/users_controller.rb:53:in `destroy'
Started GET "/users" for ::1 at 2021-02-12 19:59:04 +0900
Processing by UsersController#index as HTML
  Rendering users/index.html.erb within layouts/application
  [1m[36mUser Load (0.2ms)[0m  [1m[34mSELECT "users".* FROM "users"[0m
  ↳ app/views/users/index.html.erb:14
  Rendered users/index.html.erb within layouts/application (5.7ms)
Completed 200 OK in 18ms (Views: 13.9ms | ActiveRecord: 2.0ms)


Started DELETE "/users/1" for ::1 at 2021-02-12 19:59:06 +0900
Processing by UsersController#destroy as HTML
  Parameters: {"authenticity_token"=>"TwXTYoq3h54k2SOMSZTytPqKFOBjn67DngP+ar4TneMrgQwnh2GIqmeTkLgRaiEoNFfeQ5hVHbwI5mVc3sxd2A==", "id"=>"1"}
  [1m[36mUser Load (0.2ms)[0m  [1m[34mSELECT  "users".* FROM "users" WHERE "users"."id" = $1 LIMIT $2[0m  [["id", 1], ["LIMIT", 1]]
  ↳ app/controllers/users_controller.rb:63
Completed 500 Internal Server Error in 41ms (ActiveRecord: 0.2ms)


  
NameError (undefined local variable or method `hoge' for #<UsersController:0x00007fd30771ea58>):
  
app/controllers/users_controller.rb:53:in `destroy'
Started DELETE "/users/1" for ::1 at 2021-02-12 19:59:37 +0900
Processing by UsersController#destroy as HTML
  Parameters: {"authenticity_token"=>"TwXTYoq3h54k2SOMSZTytPqKFOBjn67DngP+ar4TneMrgQwnh2GIqmeTkLgRaiEoNFfeQ5hVHbwI5mVc3sxd2A==", "id"=>"1"}
  [1m[36mUser Load (0.1ms)[0m  [1m[34mSELECT  "users".* FROM "users" WHERE "users"."id" = $1 LIMIT $2[0m  [["id", 1], ["LIMIT", 1]]
  ↳ app/controllers/users_controller.rb:63
  [1m[35m (0.1ms)[0m  [1m[35mBEGIN[0m
  ↳ app/controllers/users_controller.rb:53
  [1m[36mUser Destroy (0.2ms)[0m  [1m[31mDELETE FROM "users" WHERE "users"."id" = $1[0m  [["id", 1]]
  ↳ app/controllers/users_controller.rb:53
  [1m[35m (0.1ms)[0m  [1m[31mROLLBACK[0m
  ↳ app/controllers/users_controller.rb:53
Completed 500 Internal Server Error in 10ms (ActiveRecord: 2.5ms)


  
NoMethodError (undefined method `name' for nil:NilClass):
  
app/models/user.rb:6:in `hoge'
app/controllers/users_controller.rb:53:in `destroy'
Started GET "/users" for ::1 at 2021-02-12 20:00:53 +0900
Processing by UsersController#index as HTML
  Rendering users/index.html.erb within layouts/application
  [1m[36mUser Load (0.2ms)[0m  [1m[34mSELECT "users".* FROM "users"[0m
  ↳ app/views/users/index.html.erb:14
  Rendered users/index.html.erb within layouts/application (5.6ms)
Completed 200 OK in 19ms (Views: 13.8ms | ActiveRecord: 2.1ms)


Started DELETE "/users/1" for ::1 at 2021-02-12 20:00:56 +0900
Processing by UsersController#destroy as HTML
  Parameters: {"authenticity_token"=>"k9JHa0hnvI4pkkOzQT8YdqUQmiPguwFTQCXQCeqb/kf3VpguRbGzumrY8IcZwcvqa81QgBtxsizWwEs/ikQ+fA==", "id"=>"1"}
  [1m[36mUser Load (0.1ms)[0m  [1m[34mSELECT  "users".* FROM "users" WHERE "users"."id" = $1 LIMIT $2[0m  [["id", 1], ["LIMIT", 1]]
  ↳ app/controllers/users_controller.rb:63
  [1m[35m (0.1ms)[0m  [1m[35mBEGIN[0m
  ↳ app/controllers/users_controller.rb:53
  [1m[36mUser Destroy (0.2ms)[0m  [1m[31mDELETE FROM "users" WHERE "users"."id" = $1[0m  [["id", 1]]
  ↳ app/controllers/users_controller.rb:53
  [1m[35m (0.1ms)[0m  [1m[34mSELECT "users"."name" FROM "users"[0m
  ↳ app/models/user.rb:6
  [1m[35m (0.7ms)[0m  [1m[35mCOMMIT[0m
  ↳ app/controllers/users_controller.rb:53
Redirected to http://localhost:3000/users
Completed 302 Found in 4ms (ActiveRecord: 1.2ms)


Started GET "/users" for ::1 at 2021-02-12 20:00:56 +0900
Processing by UsersController#index as HTML
  Rendering users/index.html.erb within layouts/application
  [1m[36mUser Load (0.2ms)[0m  [1m[34mSELECT "users".* FROM "users"[0m
  ↳ app/views/users/index.html.erb:14
  Rendered users/index.html.erb within layouts/application (1.3ms)
Completed 200 OK in 12ms (Views: 11.1ms | ActiveRecord: 0.2ms)


Started GET "/users/new" for ::1 at 2021-02-12 20:00:58 +0900
Processing by UsersController#new as HTML
  Rendering users/new.html.erb within layouts/application
  Rendered users/_form.html.erb (1.3ms)
  Rendered users/new.html.erb within layouts/application (2.1ms)
Completed 200 OK in 14ms (Views: 12.6ms | ActiveRecord: 0.0ms)


Started POST "/users" for ::1 at 2021-02-12 20:01:01 +0900
Processing by UsersController#create as HTML
  Parameters: {"utf8"=>"✓", "authenticity_token"=>"EyHck5sMwqcNlYZqPqcOAMQICAWXXyzuJpRcQXFsHEz2IBJSR80MQPOi2t/GwaZP2cyI5eLhiIsfAcrnlOCV9Q==", "user"=>{"name"=>"田中"}, "commit"=>"Create User"}
  [1m[35m (0.1ms)[0m  [1m[35mBEGIN[0m
  ↳ app/controllers/users_controller.rb:27
  [1m[36mUser Create (0.2ms)[0m  [1m[32mINSERT INTO "users" ("name", "created_at", "updated_at") VALUES ($1, $2, $3) RETURNING "id"[0m  [["name", "田中"], ["created_at", "2021-02-12 11:01:01.993399"], ["updated_at", "2021-02-12 11:01:01.993399"]]
  ↳ app/controllers/users_controller.rb:27
  [1m[35m (0.2ms)[0m  [1m[35mCOMMIT[0m
  ↳ app/controllers/users_controller.rb:27
Redirected to http://localhost:3000/users/6
Completed 302 Found in 3ms (ActiveRecord: 0.6ms)


Started GET "/users/6" for ::1 at 2021-02-12 20:01:01 +0900
Processing by UsersController#show as HTML
  Parameters: {"id"=>"6"}
  [1m[36mUser Load (0.1ms)[0m  [1m[34mSELECT  "users".* FROM "users" WHERE "users"."id" = $1 LIMIT $2[0m  [["id", 6], ["LIMIT", 1]]
  ↳ app/controllers/users_controller.rb:63
  Rendering users/show.html.erb within layouts/application
  Rendered users/show.html.erb within layouts/application (0.7ms)
Completed 200 OK in 35ms (Views: 29.1ms | ActiveRecord: 0.1ms)


Started GET "/users" for ::1 at 2021-02-12 20:01:02 +0900
Processing by UsersController#index as HTML
  Rendering users/index.html.erb within layouts/application
  [1m[36mUser Load (0.2ms)[0m  [1m[34mSELECT "users".* FROM "users"[0m
  ↳ app/views/users/index.html.erb:14
  Rendered users/index.html.erb within layouts/application (1.6ms)
Completed 200 OK in 13ms (Views: 12.2ms | ActiveRecord: 0.2ms)


Started DELETE "/users/5" for ::1 at 2021-02-12 20:01:04 +0900
Processing by UsersController#destroy as HTML
  Parameters: {"authenticity_token"=>"+qsp8A2jWhowANNDxEXl/BqOxmG2J2qMdRTwGeCdCs6eL/a1AHVVLnNKYHecuzZg1FMMwk3t2fPj8WsvgELK9Q==", "id"=>"5"}
  [1m[36mUser Load (0.1ms)[0m  [1m[34mSELECT  "users".* FROM "users" WHERE "users"."id" = $1 LIMIT $2[0m  [["id", 5], ["LIMIT", 1]]
  ↳ app/controllers/users_controller.rb:63
  [1m[35m (0.1ms)[0m  [1m[35mBEGIN[0m
  ↳ app/controllers/users_controller.rb:53
  [1m[36mUser Destroy (0.2ms)[0m  [1m[31mDELETE FROM "users" WHERE "users"."id" = $1[0m  [["id", 5]]
  ↳ app/controllers/users_controller.rb:53
  [1m[35m (0.1ms)[0m  [1m[34mSELECT "users"."name" FROM "users"[0m
  ↳ app/models/user.rb:6
  [1m[35m (0.1ms)[0m  [1m[31mROLLBACK[0m
  ↳ app/controllers/users_controller.rb:53
Redirected to http://localhost:3000/users
Completed 302 Found in 3ms (ActiveRecord: 0.6ms)


Started GET "/users" for ::1 at 2021-02-12 20:01:05 +0900
Processing by UsersController#index as HTML
  Rendering users/index.html.erb within layouts/application
  [1m[36mUser Load (0.2ms)[0m  [1m[34mSELECT "users".* FROM "users"[0m
  ↳ app/views/users/index.html.erb:14
  Rendered users/index.html.erb within layouts/application (1.4ms)
Completed 200 OK in 11ms (Views: 10.1ms | ActiveRecord: 0.2ms)


Started GET "/users" for ::1 at 2021-02-12 20:01:11 +0900
Processing by UsersController#index as HTML
  Rendering users/index.html.erb within layouts/application
  [1m[36mUser Load (0.4ms)[0m  [1m[34mSELECT "users".* FROM "users"[0m
  ↳ app/views/users/index.html.erb:14
  Rendered users/index.html.erb within layouts/application (2.0ms)
Completed 200 OK in 14ms (Views: 12.8ms | ActiveRecord: 0.4ms)


Started DELETE "/users/5" for ::1 at 2021-02-12 20:01:13 +0900
Processing by UsersController#destroy as HTML
  Parameters: {"authenticity_token"=>"qhS3Mo38nVxjMK3GJ7vmYuogrCaUSa1RUp8o+GFekwTOkGh3gCqSaCB6HvJ/RTX+JP1mhW+DHi7EerPOAYFTPw==", "id"=>"5"}
  [1m[36mUser Load (0.1ms)[0m  [1m[34mSELECT  "users".* FROM "users" WHERE "users"."id" = $1 LIMIT $2[0m  [["id", 5], ["LIMIT", 1]]
  ↳ app/controllers/users_controller.rb:63
  [1m[35m (0.1ms)[0m  [1m[35mBEGIN[0m
  ↳ app/controllers/users_controller.rb:53
  [1m[36mUser Destroy (0.2ms)[0m  [1m[31mDELETE FROM "users" WHERE "users"."id" = $1[0m  [["id", 5]]
  ↳ app/controllers/users_controller.rb:53
  [1m[35m (0.1ms)[0m  [1m[34mSELECT "users"."name" FROM "users"[0m
  ↳ app/models/user.rb:6
  [1m[35m (0.1ms)[0m  [1m[31mROLLBACK[0m
  ↳ app/controllers/users_controller.rb:53
Redirected to http://localhost:3000/users
Completed 302 Found in 3ms (ActiveRecord: 0.6ms)


Started GET "/users" for ::1 at 2021-02-12 20:01:13 +0900
Processing by UsersController#index as HTML
  Rendering users/index.html.erb within layouts/application
  [1m[36mUser Load (0.2ms)[0m  [1m[34mSELECT "users".* FROM "users"[0m
  ↳ app/views/users/index.html.erb:14
  Rendered users/index.html.erb within layouts/application (1.4ms)
Completed 200 OK in 11ms (Views: 10.2ms | ActiveRecord: 0.2ms)


  [1m[35m (0.9ms)[0m  [1m[34mSELECT "schema_migrations"."version" FROM "schema_migrations" ORDER BY "schema_migrations"."version" ASC[0m
  ↳ bin/rails:4
  [1m[35m (0.7ms)[0m  [1m[34mSELECT "ar_internal_metadata"."value" FROM "ar_internal_metadata" WHERE "ar_internal_metadata"."key" = $1[0m  [["key", "environment"]]
  ↳ bin/rails:4
  [1m[35m (0.4ms)[0m  [1m[34mSELECT "schema_migrations"."version" FROM "schema_migrations" ORDER BY "schema_migrations"."version" ASC[0m
  ↳ bin/rails:4
  [1m[35m (0.6ms)[0m  [1m[34mSELECT "ar_internal_metadata"."value" FROM "ar_internal_metadata" WHERE "ar_internal_metadata"."key" = $1[0m  [["key", "environment"]]
  ↳ bin/rails:4
  [1m[35m (0.2ms)[0m  [1m[34mSELECT "schema_migrations"."version" FROM "schema_migrations" ORDER BY "schema_migrations"."version" ASC[0m
  ↳ bin/rails:4
  [1m[35m (0.4ms)[0m  [1m[34mSELECT "ar_internal_metadata"."value" FROM "ar_internal_metadata" WHERE "ar_internal_metadata"."key" = $1[0m  [["key", "environment"]]
  ↳ bin/rails:4
  [1m[35m (107.1ms)[0m  [1m[35mDROP DATABASE IF EXISTS "happy_development"[0m
  ↳ bin/rails:4
  [1m[35m (49.0ms)[0m  [1m[35mDROP DATABASE IF EXISTS "happy_test"[0m
  ↳ bin/rails:4
